[06:48:23 GMT+0000 (UTC)]: Server started at: Mon Sep 28 2020!

[06:56:40 GMT+0000 (UTC)]: URL requested: “/”

[06:56:40 GMT+0000 (UTC)]: Sending home page!

[06:56:40 GMT+0000 (UTC)]: Sent a file!

[06:56:40 GMT+0000 (UTC)]: URL requested: “/css/highlight.css”

[06:56:40 GMT+0000 (UTC)]: Sending normal page!

[06:56:40 GMT+0000 (UTC)]: client URL: /css/highlight.css

[06:56:40 GMT+0000 (UTC)]: Sent a file!

[06:56:40 GMT+0000 (UTC)]: URL requested: “/css/style.css”

[06:56:40 GMT+0000 (UTC)]: Sending normal page!

[06:56:40 GMT+0000 (UTC)]: client URL: /css/style.css

[06:56:40 GMT+0000 (UTC)]: Sent a file!

[06:56:41 GMT+0000 (UTC)]: URL requested: “/css/icons.css”

[06:56:41 GMT+0000 (UTC)]: Sending normal page!

[06:56:41 GMT+0000 (UTC)]: client URL: /css/icons.css

[06:56:41 GMT+0000 (UTC)]: URL requested: “/js/script.js”

[06:56:41 GMT+0000 (UTC)]: Sending normal page!

[06:56:41 GMT+0000 (UTC)]: client URL: /js/script.js

[06:56:41 GMT+0000 (UTC)]: Sent a file!

[06:56:41 GMT+0000 (UTC)]: Sent a file!

[06:56:41 GMT+0000 (UTC)]: URL requested: “/css/fonts/roboto.css”

[06:56:41 GMT+0000 (UTC)]: Sending normal page!

[06:56:41 GMT+0000 (UTC)]: client URL: /css/fonts/roboto.css

[06:56:41 GMT+0000 (UTC)]: Sent a file!

[06:56:41 GMT+0000 (UTC)]: URL requested: “/js/highlight.js”

[06:56:41 GMT+0000 (UTC)]: Sending normal page!

[06:56:41 GMT+0000 (UTC)]: client URL: /js/highlight.js

[06:56:41 GMT+0000 (UTC)]: Sent a file!

[06:58:14 GMT+0000 (UTC)]: URL requested: “/”

[06:58:14 GMT+0000 (UTC)]: Sending home page!

[06:58:14 GMT+0000 (UTC)]: Sent a file!

[06:59:29 GMT+0000 (UTC)]: URL requested: “/”

[06:59:29 GMT+0000 (UTC)]: Sending home page!

[06:59:29 GMT+0000 (UTC)]: Sent a file!

[06:59:29 GMT+0000 (UTC)]: URL requested: “/css/highlight.css”

[06:59:29 GMT+0000 (UTC)]: Sending normal page!

[06:59:29 GMT+0000 (UTC)]: Sent a file!

[06:59:29 GMT+0000 (UTC)]: URL requested: “/css/style.css”

[06:59:29 GMT+0000 (UTC)]: client URL: /css/style.css

[06:59:29 GMT+0000 (UTC)]: URL requested: “/css/icons.css”

[06:59:29 GMT+0000 (UTC)]: Sending normal page!

[06:59:29 GMT+0000 (UTC)]: client URL: /css/icons.css

[06:59:29 GMT+0000 (UTC)]: URL requested: “/js/script.js”

[06:59:29 GMT+0000 (UTC)]: Sending normal page!

[06:59:29 GMT+0000 (UTC)]: client URL: /js/script.js

[06:59:29 GMT+0000 (UTC)]: Sent a file!

[06:59:29 GMT+0000 (UTC)]: Sent a file!

[06:59:29 GMT+0000 (UTC)]: URL requested: “/css/fonts/roboto.css”

[06:59:29 GMT+0000 (UTC)]: Sending normal page!

[06:59:29 GMT+0000 (UTC)]: client URL: /css/fonts/roboto.css

[06:59:29 GMT+0000 (UTC)]: URL requested: “/js/highlight.js”

[06:59:29 GMT+0000 (UTC)]: Sending normal page!

[06:59:29 GMT+0000 (UTC)]: client URL: /js/highlight.js

[06:59:29 GMT+0000 (UTC)]: Sent a file!

[06:59:29 GMT+0000 (UTC)]: Sent a file!

[07:02:00 GMT+0000 (UTC)]: Server started at: Mon Sep 28 2020!

[07:02:47 GMT+0000 (UTC)]: URL requested: “/”

[07:02:47 GMT+0000 (UTC)]: Sending home page!

[07:02:47 GMT+0000 (UTC)]: Sent a file!

[07:02:47 GMT+0000 (UTC)]: URL requested: “/css/highlight.css”

[07:02:47 GMT+0000 (UTC)]: Sending normal page!

[07:02:47 GMT+0000 (UTC)]: client URL: /css/highlight.css

[07:02:47 GMT+0000 (UTC)]: Sent a file!

[07:02:47 GMT+0000 (UTC)]: URL requested: “/css/style.css”

[07:02:47 GMT+0000 (UTC)]: Sent a file!

[07:02:47 GMT+0000 (UTC)]: URL requested: “/js/script.js”

[07:02:47 GMT+0000 (UTC)]: Sending normal page!

[07:02:47 GMT+0000 (UTC)]: client URL: /js/script.js

[07:02:47 GMT+0000 (UTC)]: URL requested: “/css/icons.css”

[07:02:47 GMT+0000 (UTC)]: Sending normal page!

[07:02:47 GMT+0000 (UTC)]: client URL: /css/icons.css

[07:02:47 GMT+0000 (UTC)]: Sent a file!

[07:02:47 GMT+0000 (UTC)]: Sent a file!

[07:02:47 GMT+0000 (UTC)]: URL requested: “/css/fonts/roboto.css”

[07:02:47 GMT+0000 (UTC)]: Sending normal page!

[07:02:47 GMT+0000 (UTC)]: client URL: /css/fonts/roboto.css

[07:02:47 GMT+0000 (UTC)]: Sent a file!

[07:02:47 GMT+0000 (UTC)]: URL requested: “/js/highlight.js”

[07:02:47 GMT+0000 (UTC)]: Sending normal page!

[07:02:47 GMT+0000 (UTC)]: client URL: /js/highlight.js

[07:02:47 GMT+0000 (UTC)]: Sent a file!

[01:12:29 GMT+0000 (UTC)]: Server started at: Tue Sep 29 2020!

[01:12:30 GMT+0000 (UTC)]: URL requested: “/”

[01:12:30 GMT+0000 (UTC)]: Sending home page!

[01:12:31 GMT+0000 (UTC)]: Sent a file!

[01:12:31 GMT+0000 (UTC)]: URL requested: “/css/highlight.css”

[01:12:31 GMT+0000 (UTC)]: Sending normal page!

[01:12:31 GMT+0000 (UTC)]: Sent a file!

[01:12:31 GMT+0000 (UTC)]: URL requested: “/css/style.css”

[01:12:31 GMT+0000 (UTC)]: client URL: /css/style.css

[01:12:31 GMT+0000 (UTC)]: Sent a file!

[01:12:31 GMT+0000 (UTC)]: URL requested: “/css/icons.css”

[01:12:31 GMT+0000 (UTC)]: Sending normal page!

[01:12:31 GMT+0000 (UTC)]: client URL: /css/icons.css

[01:12:31 GMT+0000 (UTC)]: Sent a file!

[01:12:31 GMT+0000 (UTC)]: URL requested: “/js/script.js”

[01:12:31 GMT+0000 (UTC)]: Sending normal page!

[01:12:31 GMT+0000 (UTC)]: client URL: /js/script.js

[01:12:31 GMT+0000 (UTC)]: Sent a file!

[01:12:31 GMT+0000 (UTC)]: URL requested: “/css/fonts/roboto.css”

[01:12:31 GMT+0000 (UTC)]: Sending normal page!

[01:12:31 GMT+0000 (UTC)]: client URL: /css/fonts/roboto.css

[01:12:31 GMT+0000 (UTC)]: Sent a file!

[01:12:31 GMT+0000 (UTC)]: URL requested: “/js/highlight.js”

[01:12:31 GMT+0000 (UTC)]: Sending normal page!

[01:12:31 GMT+0000 (UTC)]: client URL: /js/highlight.js

[01:12:31 GMT+0000 (UTC)]: Sent a file!

[01:18:26 GMT+0000 (UTC)]: Server started at: Tue Sep 29 2020!

[01:19:23 GMT+0000 (UTC)]: URL requested: “/”

[01:19:23 GMT+0000 (UTC)]: Sending home page!

[01:19:23 GMT+0000 (UTC)]: Sent a file!

[01:19:24 GMT+0000 (UTC)]: URL requested: “/css/highlight.css”

[01:19:24 GMT+0000 (UTC)]: client URL: /css/highlight.css

[01:19:25 GMT+0000 (UTC)]: URL requested: “/css/style.css”

[01:19:25 GMT+0000 (UTC)]: Sending normal page!

[01:19:25 GMT+0000 (UTC)]: client URL: /css/style.css

[01:19:25 GMT+0000 (UTC)]: Sent a file!

[01:19:25 GMT+0000 (UTC)]: Sent a file!

[01:19:25 GMT+0000 (UTC)]: URL requested: “/css/icons.css”

[01:19:25 GMT+0000 (UTC)]: client URL: /css/icons.css

[01:19:25 GMT+0000 (UTC)]: Sent a file!

[01:19:25 GMT+0000 (UTC)]: URL requested: “/js/script.js”

[01:19:25 GMT+0000 (UTC)]: Sending normal page!

[01:19:25 GMT+0000 (UTC)]: client URL: /js/script.js

[01:19:25 GMT+0000 (UTC)]: Sent a file!

[01:19:25 GMT+0000 (UTC)]: URL requested: “/css/fonts/roboto.css”

[01:19:25 GMT+0000 (UTC)]: client URL: /css/fonts/roboto.css

[01:19:25 GMT+0000 (UTC)]: Sent a file!

[01:19:25 GMT+0000 (UTC)]: URL requested: “/js/highlight.js”

[01:19:25 GMT+0000 (UTC)]: Sending normal page!

[01:19:25 GMT+0000 (UTC)]: client URL: /js/highlight.js

[01:19:25 GMT+0000 (UTC)]: Sent a file!

[01:21:15 GMT+0000 (UTC)]: Server started at: Tue Sep 29 2020!

[01:21:22 GMT+0000 (UTC)]: URL requested: “/”

[01:21:22 GMT+0000 (UTC)]: Sending home page!

[01:21:22 GMT+0000 (UTC)]: Sent a file!

[01:21:23 GMT+0000 (UTC)]: URL requested: “/css/highlight.css”

[01:21:23 GMT+0000 (UTC)]: client URL: /css/highlight.css

[01:21:23 GMT+0000 (UTC)]: URL requested: “/css/icons.css”

[01:21:23 GMT+0000 (UTC)]: client URL: /css/icons.css

[01:21:23 GMT+0000 (UTC)]: URL requested: “/css/style.css”

[01:21:23 GMT+0000 (UTC)]: client URL: /css/style.css

[01:21:23 GMT+0000 (UTC)]: Sent a file!

[01:21:23 GMT+0000 (UTC)]: Sent a file!

[01:21:23 GMT+0000 (UTC)]: Sent a file!

[01:21:24 GMT+0000 (UTC)]: URL requested: “/js/script.js”

[01:21:24 GMT+0000 (UTC)]: Sending normal page!

[01:21:24 GMT+0000 (UTC)]: client URL: /js/script.js

[01:21:24 GMT+0000 (UTC)]: Sent a file!

[01:21:24 GMT+0000 (UTC)]: URL requested: “/css/fonts/roboto.css”

[01:21:24 GMT+0000 (UTC)]: Sending normal page!

[01:21:24 GMT+0000 (UTC)]: client URL: /css/fonts/roboto.css

[01:21:24 GMT+0000 (UTC)]: Sent a file!

[01:21:24 GMT+0000 (UTC)]: URL requested: “/js/highlight.js”

[01:21:24 GMT+0000 (UTC)]: Sending normal page!

[01:21:24 GMT+0000 (UTC)]: client URL: /js/highlight.js

[01:21:24 GMT+0000 (UTC)]: Sent a file!

[13:06:39 GMT+0000 (UTC)]: Server started at: Tue Sep 29 2020!

[13:06:40 GMT+0000 (UTC)]: URL requested: “/”

[13:06:40 GMT+0000 (UTC)]: Sending home page!

[13:06:40 GMT+0000 (UTC)]: Sent a file!

[13:06:41 GMT+0000 (UTC)]: URL requested: “/css/icons.css”

[13:06:41 GMT+0000 (UTC)]: client URL: /css/icons.css

[13:06:41 GMT+0000 (UTC)]: URL requested: “/css/style.css”

[13:06:41 GMT+0000 (UTC)]: Sending normal page!

[13:06:41 GMT+0000 (UTC)]: client URL: /css/style.css

[13:06:41 GMT+0000 (UTC)]: URL requested: “/css/highlight.css”

[13:06:41 GMT+0000 (UTC)]: Sending normal page!

[13:06:41 GMT+0000 (UTC)]: client URL: /css/highlight.css

[13:06:41 GMT+0000 (UTC)]: Sent a file!

[13:06:41 GMT+0000 (UTC)]: Sent a file!

[13:06:41 GMT+0000 (UTC)]: Sent a file!

[13:06:41 GMT+0000 (UTC)]: URL requested: “/js/script.js”

[13:06:41 GMT+0000 (UTC)]: Sending normal page!

[13:06:41 GMT+0000 (UTC)]: client URL: /js/script.js

[13:06:41 GMT+0000 (UTC)]: Sent a file!

[13:06:41 GMT+0000 (UTC)]: URL requested: “/css/fonts/roboto.css”

[13:06:41 GMT+0000 (UTC)]: Sending normal page!

[13:06:41 GMT+0000 (UTC)]: client URL: /css/fonts/roboto.css

[13:06:41 GMT+0000 (UTC)]: Sent a file!

[13:06:41 GMT+0000 (UTC)]: URL requested: “/js/highlight.js”

[13:06:41 GMT+0000 (UTC)]: Sending normal page!

[13:06:41 GMT+0000 (UTC)]: client URL: /js/highlight.js

[13:06:41 GMT+0000 (UTC)]: Sent a file!

[13:06:52 GMT+0000 (UTC)]: Server started at: Tue Sep 29 2020!

[13:07:00 GMT+0000 (UTC)]: URL requested: “/”

[13:07:00 GMT+0000 (UTC)]: Sending home page!

[13:07:00 GMT+0000 (UTC)]: Sent a file!

[13:07:00 GMT+0000 (UTC)]: URL requested: “/css/style.css”

[13:07:00 GMT+0000 (UTC)]: Sending normal page!

[13:07:00 GMT+0000 (UTC)]: client URL: /css/style.css

[13:07:00 GMT+0000 (UTC)]: Sent a file!

[13:07:00 GMT+0000 (UTC)]: URL requested: “/css/highlight.css”

[13:07:00 GMT+0000 (UTC)]: Sending normal page!

[13:07:00 GMT+0000 (UTC)]: client URL: /css/highlight.css

[13:07:00 GMT+0000 (UTC)]: Sent a file!

[13:07:00 GMT+0000 (UTC)]: URL requested: “/css/icons.css”

[13:07:00 GMT+0000 (UTC)]: Sending normal page!

[13:07:00 GMT+0000 (UTC)]: client URL: /css/icons.css

[13:07:00 GMT+0000 (UTC)]: Sent a file!

[13:07:00 GMT+0000 (UTC)]: URL requested: “/js/script.js”

[13:07:00 GMT+0000 (UTC)]: Sending normal page!

[13:07:00 GMT+0000 (UTC)]: client URL: /js/script.js

[13:07:00 GMT+0000 (UTC)]: Sent a file!

[13:07:01 GMT+0000 (UTC)]: URL requested: “/css/fonts/roboto.css”

[13:07:01 GMT+0000 (UTC)]: Sending normal page!

[13:07:01 GMT+0000 (UTC)]: client URL: /css/fonts/roboto.css

[13:07:01 GMT+0000 (UTC)]: Sent a file!

[13:07:01 GMT+0000 (UTC)]: URL requested: “/js/highlight.js”

[13:07:01 GMT+0000 (UTC)]: Sending normal page!

[13:07:01 GMT+0000 (UTC)]: client URL: /js/highlight.js

[13:07:01 GMT+0000 (UTC)]: Sent a file!

[13:07:04 GMT+0000 (UTC)]: URL requested: “/”

[13:07:04 GMT+0000 (UTC)]: Sending home page!

[13:07:04 GMT+0000 (UTC)]: Sent a file!

[13:07:04 GMT+0000 (UTC)]: URL requested: “/css/highlight.css”

[13:07:04 GMT+0000 (UTC)]: Sending normal page!

[13:07:04 GMT+0000 (UTC)]: client URL: /css/highlight.css

[13:07:04 GMT+0000 (UTC)]: URL requested: “/css/icons.css”

[13:07:04 GMT+0000 (UTC)]: Sending normal page!

[13:07:04 GMT+0000 (UTC)]: client URL: /css/icons.css

[13:07:04 GMT+0000 (UTC)]: URL requested: “/js/script.js”

[13:07:04 GMT+0000 (UTC)]: Sending normal page!

[13:07:04 GMT+0000 (UTC)]: client URL: /js/script.js

[13:07:04 GMT+0000 (UTC)]: Sent a file!

[13:07:04 GMT+0000 (UTC)]: URL requested: “/css/style.css”

[13:07:04 GMT+0000 (UTC)]: Sending normal page!

[13:07:04 GMT+0000 (UTC)]: client URL: /css/style.css

[13:07:04 GMT+0000 (UTC)]: Sent a file!

[13:07:04 GMT+0000 (UTC)]: Sent a file!

[13:07:04 GMT+0000 (UTC)]: Sent a file!

[13:07:04 GMT+0000 (UTC)]: URL requested: “/js/highlight.js”

[13:07:04 GMT+0000 (UTC)]: Sending normal page!

[13:07:04 GMT+0000 (UTC)]: client URL: /js/highlight.js

[13:07:04 GMT+0000 (UTC)]: Sent a file!

[13:07:04 GMT+0000 (UTC)]: URL requested: “/css/fonts/roboto.css”

[13:07:04 GMT+0000 (UTC)]: Sending normal page!

[13:07:04 GMT+0000 (UTC)]: client URL: /css/fonts/roboto.css

[13:07:04 GMT+0000 (UTC)]: Sent a file!

[13:07:05 GMT+0000 (UTC)]: URL requested: “/favicon.ico”

[13:07:05 GMT+0000 (UTC)]: client URL: /favicon.ico

[13:07:05 GMT+0000 (UTC)]: Sent a file!

[13:07:11 GMT+0000 (UTC)]: URL requested: “/”

[13:07:11 GMT+0000 (UTC)]: Sending home page!

[13:07:11 GMT+0000 (UTC)]: Sent a file!

[13:07:11 GMT+0000 (UTC)]: URL requested: “/css/highlight.css”

[13:07:11 GMT+0000 (UTC)]: Sending normal page!

[13:07:11 GMT+0000 (UTC)]: client URL: /css/highlight.css

[13:07:11 GMT+0000 (UTC)]: Sent a file!

[13:07:11 GMT+0000 (UTC)]: URL requested: “/css/icons.css”

[13:07:11 GMT+0000 (UTC)]: Sending normal page!

[13:07:11 GMT+0000 (UTC)]: client URL: /css/icons.css

[13:07:11 GMT+0000 (UTC)]: URL requested: “/css/style.css”

[13:07:11 GMT+0000 (UTC)]: Sending normal page!

[13:07:11 GMT+0000 (UTC)]: client URL: /css/style.css

[13:07:11 GMT+0000 (UTC)]: URL requested: “/js/script.js”

[13:07:11 GMT+0000 (UTC)]: Sending normal page!

[13:07:11 GMT+0000 (UTC)]: client URL: /js/script.js

[13:07:11 GMT+0000 (UTC)]: Sent a file!

[13:07:11 GMT+0000 (UTC)]: Sent a file!

[13:07:11 GMT+0000 (UTC)]: Sent a file!

[13:07:11 GMT+0000 (UTC)]: URL requested: “/js/highlight.js”

[13:07:11 GMT+0000 (UTC)]: Sending normal page!

[13:07:11 GMT+0000 (UTC)]: client URL: /js/highlight.js

[13:07:11 GMT+0000 (UTC)]: Sent a file!

[13:07:12 GMT+0000 (UTC)]: URL requested: “/css/fonts/roboto.css”

[13:07:12 GMT+0000 (UTC)]: Sending normal page!

[13:07:12 GMT+0000 (UTC)]: client URL: /css/fonts/roboto.css

[13:07:12 GMT+0000 (UTC)]: Sent a file!

[13:07:38 GMT+0000 (UTC)]: URL requested: “/documentation”

[13:07:38 GMT+0000 (UTC)]: client URL: /documentation

[13:07:38 GMT+0000 (UTC)]: Sent a file!

[13:07:38 GMT+0000 (UTC)]: URL requested: “/css/highlight.css”

[13:07:38 GMT+0000 (UTC)]: client URL: /js/script.js

[13:07:38 GMT+0000 (UTC)]: URL requested: “/css/style.css”

[13:07:38 GMT+0000 (UTC)]: client URL: /css/style.css

[13:07:38 GMT+0000 (UTC)]: Sent a file!

[13:07:38 GMT+0000 (UTC)]: Sent a file!

[13:07:38 GMT+0000 (UTC)]: Sent a file!

[13:07:39 GMT+0000 (UTC)]: URL requested: “/css/fonts/roboto.css”

[13:07:39 GMT+0000 (UTC)]: Sending normal page!

[13:07:39 GMT+0000 (UTC)]: client URL: /css/fonts/roboto.css

[13:07:39 GMT+0000 (UTC)]: URL requested: “/js/highlight.js”

[13:07:39 GMT+0000 (UTC)]: Sending normal page!

[13:07:39 GMT+0000 (UTC)]: client URL: /js/highlight.js

[13:07:39 GMT+0000 (UTC)]: Sent a file!

[13:07:39 GMT+0000 (UTC)]: Sent a file!

[13:11:30 GMT+0000 (UTC)]: URL requested: “/faq”

[13:11:30 GMT+0000 (UTC)]: Sending normal page!

[13:11:30 GMT+0000 (UTC)]: client URL: /faq

[13:11:30 GMT+0000 (UTC)]: Sent a file!

[13:11:30 GMT+0000 (UTC)]: URL requested: “/css/style.css”

[13:11:30 GMT+0000 (UTC)]: Sending normal page!

[13:11:30 GMT+0000 (UTC)]: client URL: /css/style.css

[13:11:30 GMT+0000 (UTC)]: Sent a file!

[13:11:30 GMT+0000 (UTC)]: URL requested: “/css/icons.css”

[13:11:30 GMT+0000 (UTC)]: Sending normal page!

[13:11:30 GMT+0000 (UTC)]: client URL: /css/icons.css

[13:11:30 GMT+0000 (UTC)]: Sent a file!

[13:11:30 GMT+0000 (UTC)]: URL requested: “/js/script.js”

[13:11:30 GMT+0000 (UTC)]: Sending normal page!

[13:11:30 GMT+0000 (UTC)]: client URL: /js/script.js

[13:11:30 GMT+0000 (UTC)]: Sent a file!

[13:11:30 GMT+0000 (UTC)]: URL requested: “/css/fonts/roboto.css”

[13:11:30 GMT+0000 (UTC)]: Sending normal page!

[13:11:30 GMT+0000 (UTC)]: client URL: /css/fonts/roboto.css

[13:11:30 GMT+0000 (UTC)]: Sent a file!

[13:11:30 GMT+0000 (UTC)]: URL requested: “/js/highlight.js”

[13:11:30 GMT+0000 (UTC)]: Sending normal page!

[13:11:30 GMT+0000 (UTC)]: client URL: /js/highlight.js

[13:11:30 GMT+0000 (UTC)]: Sent a file!

[13:11:41 GMT+0000 (UTC)]: URL requested: “/”

[13:11:41 GMT+0000 (UTC)]: Sending home page!

[13:11:41 GMT+0000 (UTC)]: Sent a file!

[13:11:41 GMT+0000 (UTC)]: URL requested: “/js/script.js”

[13:11:41 GMT+0000 (UTC)]: Sending normal page!

[13:11:41 GMT+0000 (UTC)]: client URL: /js/script.js

[13:11:41 GMT+0000 (UTC)]: URL requested: “/css/highlight.css”

[13:11:41 GMT+0000 (UTC)]: Sending normal page!

[13:11:41 GMT+0000 (UTC)]: client URL: /css/highlight.css

[13:11:41 GMT+0000 (UTC)]: Sent a file!

[13:11:41 GMT+0000 (UTC)]: Sent a file!

[13:11:41 GMT+0000 (UTC)]: URL requested: “/css/icons.css”

[13:11:41 GMT+0000 (UTC)]: Sending normal page!

[13:11:41 GMT+0000 (UTC)]: client URL: /css/icons.css

[13:11:41 GMT+0000 (UTC)]: URL requested: “/css/style.css”

[13:11:41 GMT+0000 (UTC)]: Sending normal page!

[13:11:41 GMT+0000 (UTC)]: client URL: /css/style.css

[13:11:41 GMT+0000 (UTC)]: Sent a file!

[13:11:41 GMT+0000 (UTC)]: Sent a file!

[13:11:41 GMT+0000 (UTC)]: URL requested: “/css/fonts/roboto.css”

[13:11:41 GMT+0000 (UTC)]: Sending normal page!

[13:11:41 GMT+0000 (UTC)]: client URL: /css/fonts/roboto.css

[13:11:41 GMT+0000 (UTC)]: Sent a file!

[13:11:41 GMT+0000 (UTC)]: URL requested: “/js/highlight.js”

[13:11:41 GMT+0000 (UTC)]: Sending normal page!

[13:11:41 GMT+0000 (UTC)]: client URL: /js/highlight.js

[13:11:41 GMT+0000 (UTC)]: Sent a file!

[13:12:27 GMT+0000 (UTC)]: URL requested: “/”

[13:12:27 GMT+0000 (UTC)]: Sending home page!

[13:12:27 GMT+0000 (UTC)]: Sent a file!

[13:12:28 GMT+0000 (UTC)]: URL requested: “/css/style.css”

[13:12:28 GMT+0000 (UTC)]: Sending normal page!

[13:12:28 GMT+0000 (UTC)]: client URL: /css/style.css

[13:12:28 GMT+0000 (UTC)]: Sent a file!

[13:12:28 GMT+0000 (UTC)]: URL requested: “/css/highlight.css”

[13:12:28 GMT+0000 (UTC)]: client URL: /css/highlight.css

[13:12:28 GMT+0000 (UTC)]: Sent a file!

[13:12:28 GMT+0000 (UTC)]: URL requested: “/css/icons.css”

[13:12:28 GMT+0000 (UTC)]: Sending normal page!

[13:12:28 GMT+0000 (UTC)]: client URL: /css/icons.css

[13:12:28 GMT+0000 (UTC)]: Sent a file!

[13:12:28 GMT+0000 (UTC)]: URL requested: “/js/script.js”

[13:12:28 GMT+0000 (UTC)]: client URL: /js/script.js

[13:12:28 GMT+0000 (UTC)]: Sending normal page!

[13:12:28 GMT+0000 (UTC)]: Sent a file!

[13:12:28 GMT+0000 (UTC)]: URL requested: “/css/fonts/roboto.css”

[13:12:28 GMT+0000 (UTC)]: Sending normal page!

[13:12:28 GMT+0000 (UTC)]: client URL: /css/fonts/roboto.css

[13:12:28 GMT+0000 (UTC)]: Sent a file!

[13:12:28 GMT+0000 (UTC)]: URL requested: “/js/highlight.js”

[13:12:28 GMT+0000 (UTC)]: Sending normal page!

[13:12:28 GMT+0000 (UTC)]: client URL: /js/highlight.js

[13:12:28 GMT+0000 (UTC)]: Sent a file!

[13:12:28 GMT+0000 (UTC)]: URL requested: “/”

[13:12:28 GMT+0000 (UTC)]: Sending home page!

[13:12:28 GMT+0000 (UTC)]: Sent a file!

[13:12:28 GMT+0000 (UTC)]: URL requested: “/css/style.css”

[13:12:28 GMT+0000 (UTC)]: client URL: /css/style.css

[13:12:28 GMT+0000 (UTC)]: URL requested: “/css/highlight.css”

[13:12:28 GMT+0000 (UTC)]: Sending normal page!

[13:12:28 GMT+0000 (UTC)]: client URL: /css/highlight.css

[13:12:28 GMT+0000 (UTC)]: Sent a file!

[13:12:28 GMT+0000 (UTC)]: Sent a file!

[13:12:28 GMT+0000 (UTC)]: URL requested: “/css/icons.css”

[13:12:28 GMT+0000 (UTC)]: client URL: /css/icons.css

[13:12:28 GMT+0000 (UTC)]: URL requested: “/js/script.js”

[13:12:28 GMT+0000 (UTC)]: Sending normal page!

[13:12:28 GMT+0000 (UTC)]: client URL: /js/script.js

[13:12:28 GMT+0000 (UTC)]: Sent a file!

[13:12:28 GMT+0000 (UTC)]: Sent a file!

[13:12:28 GMT+0000 (UTC)]: URL requested: “/js/highlight.js”

[13:12:28 GMT+0000 (UTC)]: client URL: /js/highlight.js

[13:12:28 GMT+0000 (UTC)]: URL requested: “/css/fonts/roboto.css”

[13:12:28 GMT+0000 (UTC)]: Sending normal page!

[13:12:28 GMT+0000 (UTC)]: client URL: /css/fonts/roboto.css

[13:12:28 GMT+0000 (UTC)]: Sent a file!

[13:12:28 GMT+0000 (UTC)]: Sent a file!

[13:12:29 GMT+0000 (UTC)]: URL requested: “/”

[13:12:29 GMT+0000 (UTC)]: Sending home page!

[13:12:29 GMT+0000 (UTC)]: Sent a file!

[13:12:29 GMT+0000 (UTC)]: URL requested: “/css/highlight.css”

[13:12:29 GMT+0000 (UTC)]: client URL: /css/highlight.css

[13:12:29 GMT+0000 (UTC)]: URL requested: “/css/icons.css”

[13:12:29 GMT+0000 (UTC)]: Sending normal page!

[13:12:29 GMT+0000 (UTC)]: client URL: /css/icons.css

[13:12:29 GMT+0000 (UTC)]: URL requested: “/css/style.css”

[13:12:29 GMT+0000 (UTC)]: Sending normal page!

[13:12:29 GMT+0000 (UTC)]: Sending normal page!

[13:12:29 GMT+0000 (UTC)]: client URL: /js/script.js

[13:12:29 GMT+0000 (UTC)]: Sent a file!

[13:12:29 GMT+0000 (UTC)]: Sent a file!

[13:12:29 GMT+0000 (UTC)]: Sent a file!

[13:12:29 GMT+0000 (UTC)]: URL requested: “/css/fonts/roboto.css”

[13:12:29 GMT+0000 (UTC)]: Sending normal page!

[13:12:29 GMT+0000 (UTC)]: client URL: /css/fonts/roboto.css

[13:12:29 GMT+0000 (UTC)]: Sent a file!

[13:12:29 GMT+0000 (UTC)]: URL requested: “/js/highlight.js”

[13:12:29 GMT+0000 (UTC)]: Sending normal page!

[13:12:29 GMT+0000 (UTC)]: client URL: /js/highlight.js

[13:12:29 GMT+0000 (UTC)]: Sent a file!

[13:15:03 GMT+0000 (UTC)]: URL requested: “/”

[13:15:03 GMT+0000 (UTC)]: Sending home page!

[13:15:03 GMT+0000 (UTC)]: Sent a file!

[13:15:03 GMT+0000 (UTC)]: URL requested: “/css/icons.css”

[13:15:03 GMT+0000 (UTC)]: Sending normal page!

[13:15:03 GMT+0000 (UTC)]: client URL: /css/icons.css

[13:15:03 GMT+0000 (UTC)]: URL requested: “/css/style.css”

[13:15:03 GMT+0000 (UTC)]: Sending normal page!

[13:15:03 GMT+0000 (UTC)]: client URL: /css/style.css

[13:15:03 GMT+0000 (UTC)]: URL requested: “/js/script.js”

[13:15:03 GMT+0000 (UTC)]: Sending normal page!

[13:15:03 GMT+0000 (UTC)]: client URL: /js/script.js

[13:15:03 GMT+0000 (UTC)]: URL requested: “/css/highlight.css”

[13:15:03 GMT+0000 (UTC)]: Sending normal page!

[13:15:03 GMT+0000 (UTC)]: client URL: /css/highlight.css

[13:15:03 GMT+0000 (UTC)]: Sent a file!

[13:15:03 GMT+0000 (UTC)]: Sent a file!

[13:15:03 GMT+0000 (UTC)]: Sent a file!

[13:15:03 GMT+0000 (UTC)]: Sent a file!

[13:15:03 GMT+0000 (UTC)]: URL requested: “/css/fonts/roboto.css”

[13:15:03 GMT+0000 (UTC)]: Sending normal page!

[13:15:03 GMT+0000 (UTC)]: client URL: /css/fonts/roboto.css

[13:15:03 GMT+0000 (UTC)]: Sent a file!

[13:15:03 GMT+0000 (UTC)]: URL requested: “/js/highlight.js”

[13:15:03 GMT+0000 (UTC)]: Sending normal page!

[13:15:03 GMT+0000 (UTC)]: client URL: /js/highlight.js

[13:15:03 GMT+0000 (UTC)]: Sent a file!

[13:15:04 GMT+0000 (UTC)]: URL requested: “/”

[13:15:04 GMT+0000 (UTC)]: Sending home page!

[13:15:04 GMT+0000 (UTC)]: Sent a file!

[13:15:04 GMT+0000 (UTC)]: URL requested: “/css/highlight.css”

[13:15:04 GMT+0000 (UTC)]: Sending normal page!

[13:15:04 GMT+0000 (UTC)]: client URL: /css/highlight.css

[13:15:04 GMT+0000 (UTC)]: Sent a file!

[13:15:04 GMT+0000 (UTC)]: URL requested: “/css/style.css”

[13:15:04 GMT+0000 (UTC)]: Sending normal page!

[13:15:04 GMT+0000 (UTC)]: client URL: /css/style.css

[13:15:04 GMT+0000 (UTC)]: URL requested: “/js/script.js”

[13:15:04 GMT+0000 (UTC)]: Sending normal page!

[13:15:04 GMT+0000 (UTC)]: client URL: /js/script.js

[13:15:04 GMT+0000 (UTC)]: URL requested: “/css/icons.css”

[13:15:04 GMT+0000 (UTC)]: Sending normal page!

[13:15:04 GMT+0000 (UTC)]: client URL: /css/icons.css

[13:15:04 GMT+0000 (UTC)]: Sent a file!

[13:15:04 GMT+0000 (UTC)]: Sent a file!

[13:15:04 GMT+0000 (UTC)]: Sent a file!

[13:15:04 GMT+0000 (UTC)]: URL requested: “/js/highlight.js”

[13:15:04 GMT+0000 (UTC)]: Sending normal page!

[13:15:04 GMT+0000 (UTC)]: client URL: /js/highlight.js

[13:15:04 GMT+0000 (UTC)]: Sent a file!

[13:15:04 GMT+0000 (UTC)]: URL requested: “/css/fonts/roboto.css”

[13:15:04 GMT+0000 (UTC)]: Sending normal page!

[13:15:04 GMT+0000 (UTC)]: client URL: /css/fonts/roboto.css

[13:15:04 GMT+0000 (UTC)]: Sent a file!

[13:18:52 GMT+0000 (UTC)]: URL requested: “/”

[13:18:52 GMT+0000 (UTC)]: Sending home page!

[13:18:52 GMT+0000 (UTC)]: Sent a file!

[13:18:52 GMT+0000 (UTC)]: URL requested: “/css/highlight.css”

[13:18:52 GMT+0000 (UTC)]: Sending normal page!

[13:18:52 GMT+0000 (UTC)]: client URL: /css/highlight.css

[13:18:52 GMT+0000 (UTC)]: URL requested: “/css/icons.css”

[13:18:52 GMT+0000 (UTC)]: Sending normal page!

[13:18:52 GMT+0000 (UTC)]: client URL: /css/icons.css

[13:18:52 GMT+0000 (UTC)]: URL requested: “/css/style.css”

[13:18:52 GMT+0000 (UTC)]: Sending normal page!

[13:18:52 GMT+0000 (UTC)]: client URL: /css/style.css

[13:18:52 GMT+0000 (UTC)]: URL requested: “/js/script.js”

[13:18:52 GMT+0000 (UTC)]: client URL: /js/script.js

[13:18:52 GMT+0000 (UTC)]: Sent a file!

[13:18:52 GMT+0000 (UTC)]: Sent a file!

[13:18:52 GMT+0000 (UTC)]: Sent a file!

[13:18:52 GMT+0000 (UTC)]: Sent a file!

[13:18:52 GMT+0000 (UTC)]: URL requested: “/css/fonts/roboto.css”

[13:18:52 GMT+0000 (UTC)]: Sending normal page!

[13:18:52 GMT+0000 (UTC)]: client URL: /css/fonts/roboto.css

[13:18:52 GMT+0000 (UTC)]: client URL: /js/highlight.js

[13:18:52 GMT+0000 (UTC)]: Sent a file!

[13:18:52 GMT+0000 (UTC)]: Sent a file!

[13:18:53 GMT+0000 (UTC)]: URL requested: “/”

[13:18:53 GMT+0000 (UTC)]: Sending home page!

[13:18:53 GMT+0000 (UTC)]: Sent a file!

[13:18:53 GMT+0000 (UTC)]: URL requested: “/css/highlight.css”

[13:18:53 GMT+0000 (UTC)]: Sending normal page!

[13:18:53 GMT+0000 (UTC)]: client URL: /css/highlight.css

[13:18:53 GMT+0000 (UTC)]: Sent a file!

[13:18:53 GMT+0000 (UTC)]: URL requested: “/css/style.css”

[13:18:53 GMT+0000 (UTC)]: Sending normal page!

[13:18:53 GMT+0000 (UTC)]: client URL: /css/icons.css

[13:18:53 GMT+0000 (UTC)]: Sent a file!

[13:18:53 GMT+0000 (UTC)]: Sent a file!

[13:18:53 GMT+0000 (UTC)]: URL requested: “/js/script.js”

[13:18:53 GMT+0000 (UTC)]: Sending normal page!

[13:18:53 GMT+0000 (UTC)]: client URL: /js/script.js

[13:18:53 GMT+0000 (UTC)]: Sent a file!

[13:18:53 GMT+0000 (UTC)]: URL requested: “/css/fonts/roboto.css”

[13:18:53 GMT+0000 (UTC)]: Sending normal page!

[13:18:53 GMT+0000 (UTC)]: client URL: /css/fonts/roboto.css

[13:18:53 GMT+0000 (UTC)]: Sent a file!

[13:18:53 GMT+0000 (UTC)]: URL requested: “/js/highlight.js”

[13:18:53 GMT+0000 (UTC)]: Sending normal page!

[13:18:53 GMT+0000 (UTC)]: client URL: /js/highlight.js

[13:18:53 GMT+0000 (UTC)]: Sent a file!

[13:19:04 GMT+0000 (UTC)]: URL requested: “/”

[13:19:04 GMT+0000 (UTC)]: Sending home page!

[13:19:04 GMT+0000 (UTC)]: Sent a file!

[13:19:04 GMT+0000 (UTC)]: URL requested: “/css/highlight.css”

[13:19:04 GMT+0000 (UTC)]: Sending normal page!

[13:19:04 GMT+0000 (UTC)]: client URL: /css/highlight.css

[13:19:04 GMT+0000 (UTC)]: Sent a file!

[13:19:04 GMT+0000 (UTC)]: URL requested: “/js/script.js”

[13:19:04 GMT+0000 (UTC)]: Sending normal page!

[13:19:04 GMT+0000 (UTC)]: client URL: /js/script.js

[13:19:04 GMT+0000 (UTC)]: URL requested: “/css/icons.css”

[13:19:04 GMT+0000 (UTC)]: Sending normal page!

[13:19:04 GMT+0000 (UTC)]: client URL: /css/icons.css

[13:19:04 GMT+0000 (UTC)]: URL requested: “/css/style.css”

[13:19:04 GMT+0000 (UTC)]: Sending normal page!

[13:19:04 GMT+0000 (UTC)]: client URL: /css/style.css

[13:19:04 GMT+0000 (UTC)]: Sent a file!

[13:19:04 GMT+0000 (UTC)]: Sent a file!

[13:19:04 GMT+0000 (UTC)]: Sent a file!

[13:19:04 GMT+0000 (UTC)]: URL requested: “/css/fonts/roboto.css”

[13:19:04 GMT+0000 (UTC)]: Sending normal page!

[13:19:04 GMT+0000 (UTC)]: client URL: /css/fonts/roboto.css

[13:19:04 GMT+0000 (UTC)]: Sent a file!

[13:19:04 GMT+0000 (UTC)]: URL requested: “/js/highlight.js”

[13:19:04 GMT+0000 (UTC)]: client URL: /js/highlight.js

[13:19:04 GMT+0000 (UTC)]: Sent a file!

[13:19:04 GMT+0000 (UTC)]: URL requested: “/”

[13:19:04 GMT+0000 (UTC)]: Sending home page!

[13:19:04 GMT+0000 (UTC)]: Sent a file!

[13:19:05 GMT+0000 (UTC)]: URL requested: “/css/icons.css”

[13:19:05 GMT+0000 (UTC)]: Sending normal page!

[13:19:05 GMT+0000 (UTC)]: client URL: /css/icons.css

[13:19:05 GMT+0000 (UTC)]: URL requested: “/css/highlight.css”

[13:19:05 GMT+0000 (UTC)]: Sending normal page!

[13:19:05 GMT+0000 (UTC)]: client URL: /css/highlight.css

[13:19:05 GMT+0000 (UTC)]: URL requested: “/css/style.css”

[13:19:05 GMT+0000 (UTC)]: Sending normal page!

[13:19:05 GMT+0000 (UTC)]: client URL: /css/style.css

[13:19:05 GMT+0000 (UTC)]: Sent a file!

[13:19:05 GMT+0000 (UTC)]: Sent a file!

[13:19:05 GMT+0000 (UTC)]: Sent a file!

[13:19:05 GMT+0000 (UTC)]: URL requested: “/js/script.js”

[13:19:05 GMT+0000 (UTC)]: Sending normal page!

[13:19:05 GMT+0000 (UTC)]: client URL: /js/script.js

[13:19:05 GMT+0000 (UTC)]: Sent a file!

[13:19:05 GMT+0000 (UTC)]: URL requested: “/css/fonts/roboto.css”

[13:19:05 GMT+0000 (UTC)]: Sending normal page!

[13:19:05 GMT+0000 (UTC)]: client URL: /css/fonts/roboto.css

[13:19:05 GMT+0000 (UTC)]: Sent a file!

[13:19:05 GMT+0000 (UTC)]: URL requested: “/js/highlight.js”

[13:19:05 GMT+0000 (UTC)]: Sending normal page!

[13:19:05 GMT+0000 (UTC)]: client URL: /js/highlight.js

[13:19:05 GMT+0000 (UTC)]: Sent a file!

[13:19:05 GMT+0000 (UTC)]: URL requested: “/”

[13:19:05 GMT+0000 (UTC)]: Sending home page!

[13:19:05 GMT+0000 (UTC)]: Sent a file!

[13:19:05 GMT+0000 (UTC)]: URL requested: “/css/icons.css”

[13:19:05 GMT+0000 (UTC)]: Sending normal page!

[13:19:05 GMT+0000 (UTC)]: client URL: /css/icons.css

[13:19:05 GMT+0000 (UTC)]: URL requested: “/css/style.css”

[13:19:05 GMT+0000 (UTC)]: Sending normal page!

[13:19:05 GMT+0000 (UTC)]: client URL: /css/style.css

[13:19:05 GMT+0000 (UTC)]: URL requested: “/js/script.js”

[13:19:05 GMT+0000 (UTC)]: Sending normal page!

[13:19:05 GMT+0000 (UTC)]: client URL: /js/script.js

[13:19:05 GMT+0000 (UTC)]: URL requested: “/css/highlight.css”

[13:19:05 GMT+0000 (UTC)]: Sending normal page!

[13:19:05 GMT+0000 (UTC)]: client URL: /css/highlight.css

[13:19:05 GMT+0000 (UTC)]: Sent a file!

[13:19:05 GMT+0000 (UTC)]: Sent a file!

[13:19:05 GMT+0000 (UTC)]: Sent a file!

[13:19:05 GMT+0000 (UTC)]: Sent a file!

[13:19:05 GMT+0000 (UTC)]: URL requested: “/css/fonts/roboto.css”

[13:19:05 GMT+0000 (UTC)]: Sending normal page!

[13:19:05 GMT+0000 (UTC)]: client URL: /css/fonts/roboto.css

[13:19:05 GMT+0000 (UTC)]: URL requested: “/js/highlight.js”

[13:19:05 GMT+0000 (UTC)]: Sending normal page!

[13:19:05 GMT+0000 (UTC)]: client URL: /js/highlight.js

[13:19:05 GMT+0000 (UTC)]: Sent a file!

[13:19:05 GMT+0000 (UTC)]: Sent a file!

[13:19:06 GMT+0000 (UTC)]: URL requested: “/”

[13:19:06 GMT+0000 (UTC)]: Sending home page!

[13:19:06 GMT+0000 (UTC)]: Sent a file!

[13:19:06 GMT+0000 (UTC)]: URL requested: “/css/highlight.css”

[13:19:06 GMT+0000 (UTC)]: Sending normal page!

[13:19:06 GMT+0000 (UTC)]: client URL: /css/highlight.css

[13:19:06 GMT+0000 (UTC)]: Sent a file!

[13:19:06 GMT+0000 (UTC)]: URL requested: “/css/style.css”

[13:19:06 GMT+0000 (UTC)]: Sending normal page!

[13:19:06 GMT+0000 (UTC)]: client URL: /css/style.css

[13:19:06 GMT+0000 (UTC)]: URL requested: “/js/script.js”

[13:19:06 GMT+0000 (UTC)]: Sending normal page!

[13:19:06 GMT+0000 (UTC)]: client URL: /js/script.js

[13:19:06 GMT+0000 (UTC)]: URL requested: “/css/icons.css”

[13:19:06 GMT+0000 (UTC)]: Sending normal page!

[13:19:06 GMT+0000 (UTC)]: client URL: /css/icons.css

[13:19:06 GMT+0000 (UTC)]: Sent a file!

[13:19:06 GMT+0000 (UTC)]: Sent a file!

[13:19:06 GMT+0000 (UTC)]: Sent a file!

[13:19:06 GMT+0000 (UTC)]: URL requested: “/css/fonts/roboto.css”

[13:19:06 GMT+0000 (UTC)]: Sending normal page!

[13:19:06 GMT+0000 (UTC)]: client URL: /css/fonts/roboto.css

[13:19:06 GMT+0000 (UTC)]: URL requested: “/js/highlight.js”

[13:19:06 GMT+0000 (UTC)]: client URL: /js/highlight.js

[13:19:06 GMT+0000 (UTC)]: Sending normal page!

[13:19:06 GMT+0000 (UTC)]: Sent a file!

[13:19:06 GMT+0000 (UTC)]: Sent a file!

[13:19:38 GMT+0000 (UTC)]: URL requested: “/”

[13:19:38 GMT+0000 (UTC)]: Sending home page!

[13:19:38 GMT+0000 (UTC)]: Sent a file!

[13:19:38 GMT+0000 (UTC)]: URL requested: “/js/script.js”

[13:19:38 GMT+0000 (UTC)]: Sending normal page!

[13:19:38 GMT+0000 (UTC)]: client URL: /js/script.js

[13:19:38 GMT+0000 (UTC)]: URL requested: “/css/style.css”

[13:19:38 GMT+0000 (UTC)]: Sending normal page!

[13:19:38 GMT+0000 (UTC)]: client URL: /css/style.css

[13:19:38 GMT+0000 (UTC)]: URL requested: “/css/icons.css”

[13:19:38 GMT+0000 (UTC)]: Sending normal page!

[13:19:38 GMT+0000 (UTC)]: client URL: /css/icons.css

[13:19:38 GMT+0000 (UTC)]: URL requested: “/css/highlight.css”

[13:19:38 GMT+0000 (UTC)]: Sending normal page!

[13:19:38 GMT+0000 (UTC)]: client URL: /css/highlight.css

[13:19:38 GMT+0000 (UTC)]: Sent a file!

[13:19:38 GMT+0000 (UTC)]: Sent a file!

[13:19:38 GMT+0000 (UTC)]: Sent a file!

[13:19:38 GMT+0000 (UTC)]: Sent a file!

[13:19:38 GMT+0000 (UTC)]: URL requested: “/css/fonts/roboto.css”

[13:19:38 GMT+0000 (UTC)]: client URL: /css/fonts/roboto.css

[13:19:38 GMT+0000 (UTC)]: URL requested: “/js/highlight.js”

[13:19:38 GMT+0000 (UTC)]: client URL: /js/highlight.js

[13:19:38 GMT+0000 (UTC)]: Sent a file!

[13:19:38 GMT+0000 (UTC)]: Sent a file!

[13:19:39 GMT+0000 (UTC)]: URL requested: “/”

[13:19:39 GMT+0000 (UTC)]: Sending home page!

[13:19:39 GMT+0000 (UTC)]: Sent a file!

[13:19:39 GMT+0000 (UTC)]: URL requested: “/css/highlight.css”

[13:19:39 GMT+0000 (UTC)]: Sending normal page!

[13:19:39 GMT+0000 (UTC)]: client URL: /css/highlight.css

[13:19:39 GMT+0000 (UTC)]: Sent a file!

[13:19:39 GMT+0000 (UTC)]: URL requested: “/css/style.css”

[13:19:39 GMT+0000 (UTC)]: Sending normal page!

[13:19:39 GMT+0000 (UTC)]: client URL: /css/style.css

[13:19:39 GMT+0000 (UTC)]: URL requested: “/js/script.js”

[13:19:39 GMT+0000 (UTC)]: Sending normal page!

[13:19:39 GMT+0000 (UTC)]: client URL: /js/script.js

[13:19:39 GMT+0000 (UTC)]: URL requested: “/css/icons.css”

[13:19:39 GMT+0000 (UTC)]: Sending normal page!

[13:19:39 GMT+0000 (UTC)]: client URL: /css/icons.css

[13:19:39 GMT+0000 (UTC)]: Sent a file!

[13:19:39 GMT+0000 (UTC)]: Sent a file!

[13:19:39 GMT+0000 (UTC)]: Sent a file!

[13:19:39 GMT+0000 (UTC)]: URL requested: “/css/fonts/roboto.css”

[13:19:39 GMT+0000 (UTC)]: Sending normal page!

[13:19:39 GMT+0000 (UTC)]: client URL: /css/fonts/roboto.css

[13:19:39 GMT+0000 (UTC)]: Sent a file!

[13:19:39 GMT+0000 (UTC)]: URL requested: “/js/highlight.js”

[13:19:39 GMT+0000 (UTC)]: Sending normal page!

[13:19:39 GMT+0000 (UTC)]: client URL: /js/highlight.js

[13:19:39 GMT+0000 (UTC)]: Sent a file!

[13:20:59 GMT+0000 (UTC)]: URL requested: “/”

[13:20:59 GMT+0000 (UTC)]: Sending home page!

[13:20:59 GMT+0000 (UTC)]: Sent a file!

[13:21:00 GMT+0000 (UTC)]: URL requested: “/css/highlight.css”

[13:21:00 GMT+0000 (UTC)]: Sending normal page!

[13:21:00 GMT+0000 (UTC)]: client URL: /css/highlight.css

[13:21:00 GMT+0000 (UTC)]: Sent a file!

[13:21:00 GMT+0000 (UTC)]: URL requested: “/css/icons.css”

[13:21:00 GMT+0000 (UTC)]: Sending normal page!

[13:21:00 GMT+0000 (UTC)]: client URL: /css/icons.css

[13:21:00 GMT+0000 (UTC)]: Sent a file!

[13:21:00 GMT+0000 (UTC)]: URL requested: “/js/script.js”

[13:21:00 GMT+0000 (UTC)]: Sending normal page!

[13:21:00 GMT+0000 (UTC)]: client URL: /js/script.js

[13:21:00 GMT+0000 (UTC)]: Sent a file!

[13:21:00 GMT+0000 (UTC)]: URL requested: “/css/style.css”

[13:21:00 GMT+0000 (UTC)]: Sending normal page!

[13:21:00 GMT+0000 (UTC)]: client URL: /css/style.css

[13:21:00 GMT+0000 (UTC)]: Sent a file!

[13:21:00 GMT+0000 (UTC)]: URL requested: “/js/highlight.js”

[13:21:00 GMT+0000 (UTC)]: Sending normal page!

[13:21:00 GMT+0000 (UTC)]: client URL: /js/highlight.js

[13:21:00 GMT+0000 (UTC)]: URL requested: “/css/fonts/roboto.css”

[13:21:00 GMT+0000 (UTC)]: Sending normal page!

[13:21:00 GMT+0000 (UTC)]: client URL: /css/fonts/roboto.css

[13:21:00 GMT+0000 (UTC)]: Sent a file!

[13:21:00 GMT+0000 (UTC)]: Sent a file!

[13:21:00 GMT+0000 (UTC)]: URL requested: “/”

[13:21:00 GMT+0000 (UTC)]: Sending home page!

[13:21:00 GMT+0000 (UTC)]: Sent a file!

[13:21:01 GMT+0000 (UTC)]: URL requested: “/css/style.css”

[13:21:01 GMT+0000 (UTC)]: Sending normal page!

[13:21:01 GMT+0000 (UTC)]: client URL: /css/style.css

[13:21:01 GMT+0000 (UTC)]: URL requested: “/css/icons.css”

[13:21:01 GMT+0000 (UTC)]: Sending normal page!

[13:21:01 GMT+0000 (UTC)]: client URL: /css/icons.css

[13:21:01 GMT+0000 (UTC)]: URL requested: “/js/script.js”

[13:21:01 GMT+0000 (UTC)]: Sending normal page!

[13:21:01 GMT+0000 (UTC)]: client URL: /js/script.js

[13:21:01 GMT+0000 (UTC)]: URL requested: “/css/highlight.css”

[13:21:01 GMT+0000 (UTC)]: Sending normal page!

[13:21:01 GMT+0000 (UTC)]: client URL: /css/highlight.css

[13:21:01 GMT+0000 (UTC)]: Sent a file!

[13:21:01 GMT+0000 (UTC)]: Sent a file!

[13:21:01 GMT+0000 (UTC)]: Sent a file!

[13:21:01 GMT+0000 (UTC)]: Sent a file!

[13:21:01 GMT+0000 (UTC)]: URL requested: “/css/fonts/roboto.css”

[13:21:01 GMT+0000 (UTC)]: Sending normal page!

[13:21:01 GMT+0000 (UTC)]: client URL: /css/fonts/roboto.css

[13:21:01 GMT+0000 (UTC)]: Sent a file!

[13:21:01 GMT+0000 (UTC)]: URL requested: “/js/highlight.js”

[13:21:01 GMT+0000 (UTC)]: Sending normal page!

[13:21:01 GMT+0000 (UTC)]: client URL: /js/highlight.js

[13:21:01 GMT+0000 (UTC)]: Sent a file!

[13:21:01 GMT+0000 (UTC)]: URL requested: “/”

[13:21:01 GMT+0000 (UTC)]: Sending home page!

[13:21:01 GMT+0000 (UTC)]: Sent a file!

[13:21:01 GMT+0000 (UTC)]: URL requested: “/css/highlight.css”

[13:21:01 GMT+0000 (UTC)]: Sending normal page!

[13:21:01 GMT+0000 (UTC)]: client URL: /css/highlight.css

[13:21:01 GMT+0000 (UTC)]: Sent a file!

[13:21:01 GMT+0000 (UTC)]: URL requested: “/css/icons.css”

[13:21:01 GMT+0000 (UTC)]: Sending normal page!

[13:21:01 GMT+0000 (UTC)]: client URL: /css/icons.css

[13:21:01 GMT+0000 (UTC)]: URL requested: “/js/script.js”

[13:21:01 GMT+0000 (UTC)]: Sending normal page!

[13:21:01 GMT+0000 (UTC)]: client URL: /js/script.js

[13:21:01 GMT+0000 (UTC)]: Sent a file!

[13:21:01 GMT+0000 (UTC)]: URL requested: “/css/style.css”

[13:21:01 GMT+0000 (UTC)]: Sending normal page!

[13:21:01 GMT+0000 (UTC)]: client URL: /css/style.css

[13:21:01 GMT+0000 (UTC)]: Sent a file!

[13:21:01 GMT+0000 (UTC)]: Sent a file!

[13:21:01 GMT+0000 (UTC)]: URL requested: “/js/highlight.js”

[13:21:01 GMT+0000 (UTC)]: client URL: /css/fonts/roboto.css

[13:21:01 GMT+0000 (UTC)]: Sent a file!

[13:21:01 GMT+0000 (UTC)]: Sent a file!

[13:21:02 GMT+0000 (UTC)]: URL requested: “/”

[13:21:02 GMT+0000 (UTC)]: Sending home page!

[13:21:02 GMT+0000 (UTC)]: Sent a file!

[13:21:02 GMT+0000 (UTC)]: URL requested: “/js/script.js”

[13:21:02 GMT+0000 (UTC)]: Sending normal page!

[13:21:02 GMT+0000 (UTC)]: client URL: /js/script.js

[13:21:02 GMT+0000 (UTC)]: Sent a file!

[13:21:02 GMT+0000 (UTC)]: URL requested: “/css/highlight.css”

[13:21:02 GMT+0000 (UTC)]: Sending normal page!

[13:21:02 GMT+0000 (UTC)]: client URL: /css/highlight.css

[13:21:02 GMT+0000 (UTC)]: URL requested: “/css/style.css”

[13:21:02 GMT+0000 (UTC)]: Sending normal page!

[13:21:02 GMT+0000 (UTC)]: client URL: /css/style.css

[13:21:02 GMT+0000 (UTC)]: URL requested: “/css/icons.css”

[13:21:02 GMT+0000 (UTC)]: client URL: /css/icons.css

[13:21:02 GMT+0000 (UTC)]: Sent a file!

[13:21:02 GMT+0000 (UTC)]: Sent a file!

[13:21:02 GMT+0000 (UTC)]: Sent a file!

[13:21:02 GMT+0000 (UTC)]: URL requested: “/js/highlight.js”

[13:21:02 GMT+0000 (UTC)]: Sending normal page!

[13:21:02 GMT+0000 (UTC)]: client URL: /js/highlight.js

[13:21:02 GMT+0000 (UTC)]: Sent a file!

[13:21:02 GMT+0000 (UTC)]: URL requested: “/css/fonts/roboto.css”

[13:21:02 GMT+0000 (UTC)]: Sending normal page!

[13:21:02 GMT+0000 (UTC)]: client URL: /css/fonts/roboto.css

[13:21:02 GMT+0000 (UTC)]: Sent a file!

[13:21:08 GMT+0000 (UTC)]: URL requested: “/”

[13:21:08 GMT+0000 (UTC)]: Sending home page!

[13:21:08 GMT+0000 (UTC)]: Sent a file!

[13:21:08 GMT+0000 (UTC)]: URL requested: “/css/style.css”

[13:21:08 GMT+0000 (UTC)]: Sending normal page!

[13:21:08 GMT+0000 (UTC)]: client URL: /css/style.css

[13:21:08 GMT+0000 (UTC)]: URL requested: “/css/icons.css”

[13:21:08 GMT+0000 (UTC)]: Sending normal page!

[13:21:08 GMT+0000 (UTC)]: client URL: /css/icons.css

[13:21:08 GMT+0000 (UTC)]: URL requested: “/js/script.js”

[13:21:08 GMT+0000 (UTC)]: Sending normal page!

[13:21:08 GMT+0000 (UTC)]: client URL: /js/script.js

[13:21:08 GMT+0000 (UTC)]: URL requested: “/css/highlight.css”

[13:21:08 GMT+0000 (UTC)]: Sending normal page!

[13:21:08 GMT+0000 (UTC)]: client URL: /css/highlight.css

[13:21:08 GMT+0000 (UTC)]: Sent a file!

[13:21:08 GMT+0000 (UTC)]: Sent a file!

[13:21:08 GMT+0000 (UTC)]: Sent a file!

[13:21:08 GMT+0000 (UTC)]: Sent a file!

[13:21:08 GMT+0000 (UTC)]: URL requested: “/css/fonts/roboto.css”

[13:21:08 GMT+0000 (UTC)]: Sending normal page!

[13:21:08 GMT+0000 (UTC)]: client URL: /css/fonts/roboto.css

[13:21:08 GMT+0000 (UTC)]: Sent a file!

[13:21:08 GMT+0000 (UTC)]: URL requested: “/js/highlight.js”

[13:21:08 GMT+0000 (UTC)]: Sending normal page!

[13:21:08 GMT+0000 (UTC)]: client URL: /js/highlight.js

[13:21:08 GMT+0000 (UTC)]: Sent a file!

[13:21:09 GMT+0000 (UTC)]: URL requested: “/”

[13:21:09 GMT+0000 (UTC)]: Sending home page!

[13:21:09 GMT+0000 (UTC)]: Sent a file!

[13:21:09 GMT+0000 (UTC)]: URL requested: “/css/highlight.css”

[13:21:09 GMT+0000 (UTC)]: Sending normal page!

[13:21:09 GMT+0000 (UTC)]: client URL: /css/highlight.css

[13:21:09 GMT+0000 (UTC)]: Sent a file!

[13:21:09 GMT+0000 (UTC)]: URL requested: “/css/icons.css”

[13:21:09 GMT+0000 (UTC)]: Sending normal page!

[13:21:09 GMT+0000 (UTC)]: client URL: /css/icons.css

[13:21:09 GMT+0000 (UTC)]: URL requested: “/css/style.css”

[13:21:09 GMT+0000 (UTC)]: Sending normal page!

[13:21:09 GMT+0000 (UTC)]: client URL: /css/style.css

[13:21:09 GMT+0000 (UTC)]: URL requested: “/js/script.js”

[13:21:09 GMT+0000 (UTC)]: Sending normal page!

[13:21:09 GMT+0000 (UTC)]: client URL: /js/script.js

[13:21:09 GMT+0000 (UTC)]: Sent a file!

[13:21:09 GMT+0000 (UTC)]: Sent a file!

[13:21:09 GMT+0000 (UTC)]: Sent a file!

[13:21:09 GMT+0000 (UTC)]: URL requested: “/css/fonts/roboto.css”

[13:21:09 GMT+0000 (UTC)]: client URL: /css/fonts/roboto.css

[13:21:09 GMT+0000 (UTC)]: Sent a file!

[13:21:09 GMT+0000 (UTC)]: URL requested: “/js/highlight.js”

[13:21:09 GMT+0000 (UTC)]: Sending normal page!

[13:21:09 GMT+0000 (UTC)]: client URL: /js/highlight.js

[13:21:09 GMT+0000 (UTC)]: Sent a file!

[13:21:10 GMT+0000 (UTC)]: URL requested: “/”

[13:21:10 GMT+0000 (UTC)]: Sending home page!

[13:21:10 GMT+0000 (UTC)]: Sent a file!

[13:21:10 GMT+0000 (UTC)]: URL requested: “/css/highlight.css”

[13:21:10 GMT+0000 (UTC)]: Sending normal page!

[13:21:10 GMT+0000 (UTC)]: client URL: /css/highlight.css

[13:21:10 GMT+0000 (UTC)]: Sent a file!

[13:21:10 GMT+0000 (UTC)]: URL requested: “/css/style.css”

[13:21:10 GMT+0000 (UTC)]: Sending normal page!

[13:21:10 GMT+0000 (UTC)]: client URL: /css/style.css

[13:21:10 GMT+0000 (UTC)]: URL requested: “/js/script.js”

[13:21:10 GMT+0000 (UTC)]: Sending normal page!

[13:21:10 GMT+0000 (UTC)]: client URL: /js/script.js

[13:21:10 GMT+0000 (UTC)]: Sent a file!

[13:21:10 GMT+0000 (UTC)]: Sent a file!

[13:21:10 GMT+0000 (UTC)]: URL requested: “/css/icons.css”

[13:21:10 GMT+0000 (UTC)]: Sending normal page!

[13:21:10 GMT+0000 (UTC)]: client URL: /css/icons.css

[13:21:10 GMT+0000 (UTC)]: Sent a file!

[13:21:10 GMT+0000 (UTC)]: URL requested: “/css/fonts/roboto.css”

[13:21:10 GMT+0000 (UTC)]: Sending normal page!

[13:21:10 GMT+0000 (UTC)]: client URL: /css/fonts/roboto.css

[13:21:10 GMT+0000 (UTC)]: URL requested: “/js/highlight.js”

[13:21:10 GMT+0000 (UTC)]: Sending normal page!

[13:21:10 GMT+0000 (UTC)]: client URL: /js/highlight.js

[13:21:10 GMT+0000 (UTC)]: Sent a file!

[13:21:10 GMT+0000 (UTC)]: Sent a file!

[13:21:10 GMT+0000 (UTC)]: URL requested: “/”

[13:21:10 GMT+0000 (UTC)]: Sending home page!

[13:21:10 GMT+0000 (UTC)]: Sent a file!

[13:21:11 GMT+0000 (UTC)]: URL requested: “/css/highlight.css”

[13:21:11 GMT+0000 (UTC)]: Sending normal page!

[13:21:11 GMT+0000 (UTC)]: client URL: /css/highlight.css

[13:21:11 GMT+0000 (UTC)]: Sent a file!

[13:21:11 GMT+0000 (UTC)]: URL requested: “/js/script.js”

[13:21:11 GMT+0000 (UTC)]: Sending normal page!

[13:21:11 GMT+0000 (UTC)]: client URL: /js/script.js

[13:21:11 GMT+0000 (UTC)]: Sent a file!

[13:21:11 GMT+0000 (UTC)]: URL requested: “/css/style.css”

[13:21:11 GMT+0000 (UTC)]: Sending normal page!

[13:21:11 GMT+0000 (UTC)]: client URL: /css/style.css

[13:21:11 GMT+0000 (UTC)]: URL requested: “/css/icons.css”

[13:21:11 GMT+0000 (UTC)]: Sending normal page!

[13:21:11 GMT+0000 (UTC)]: client URL: /css/icons.css

[13:21:11 GMT+0000 (UTC)]: Sent a file!

[13:21:11 GMT+0000 (UTC)]: Sent a file!

[13:21:11 GMT+0000 (UTC)]: URL requested: “/css/fonts/roboto.css”

[13:21:11 GMT+0000 (UTC)]: Sending normal page!

[13:21:11 GMT+0000 (UTC)]: client URL: /css/fonts/roboto.css

[13:21:11 GMT+0000 (UTC)]: URL requested: “/js/highlight.js”

[13:21:11 GMT+0000 (UTC)]: Sending normal page!

[13:21:11 GMT+0000 (UTC)]: client URL: /js/highlight.js

[13:21:11 GMT+0000 (UTC)]: Sent a file!

[13:21:11 GMT+0000 (UTC)]: Sent a file!

[13:21:42 GMT+0000 (UTC)]: URL requested: “/”

[13:21:42 GMT+0000 (UTC)]: Sending home page!

[13:21:42 GMT+0000 (UTC)]: Sent a file!

[13:21:42 GMT+0000 (UTC)]: URL requested: “/css/highlight.css”

[13:21:42 GMT+0000 (UTC)]: Sending normal page!

[13:21:42 GMT+0000 (UTC)]: client URL: /css/highlight.css

[13:21:42 GMT+0000 (UTC)]: Sent a file!

[13:21:42 GMT+0000 (UTC)]: URL requested: “/css/style.css”

[13:21:42 GMT+0000 (UTC)]: Sending normal page!

[13:21:42 GMT+0000 (UTC)]: client URL: /css/style.css

[13:21:42 GMT+0000 (UTC)]: URL requested: “/css/icons.css”

[13:21:42 GMT+0000 (UTC)]: Sent a file!

[13:21:42 GMT+0000 (UTC)]: URL requested: “/js/script.js”

[13:21:42 GMT+0000 (UTC)]: Sending normal page!

[13:21:42 GMT+0000 (UTC)]: client URL: /js/script.js

[13:21:42 GMT+0000 (UTC)]: Sent a file!

[13:21:42 GMT+0000 (UTC)]: URL requested: “/css/fonts/roboto.css”

[13:21:42 GMT+0000 (UTC)]: Sending normal page!

[13:21:42 GMT+0000 (UTC)]: client URL: /css/fonts/roboto.css

[13:21:42 GMT+0000 (UTC)]: Sent a file!

[13:21:42 GMT+0000 (UTC)]: URL requested: “/js/highlight.js”

[13:21:42 GMT+0000 (UTC)]: Sending normal page!

[13:21:42 GMT+0000 (UTC)]: client URL: /js/highlight.js

[13:21:42 GMT+0000 (UTC)]: Sent a file!

[13:21:43 GMT+0000 (UTC)]: URL requested: “/”

[13:21:43 GMT+0000 (UTC)]: Sending home page!

[13:21:43 GMT+0000 (UTC)]: Sent a file!

[13:21:43 GMT+0000 (UTC)]: URL requested: “/css/highlight.css”

[13:21:43 GMT+0000 (UTC)]: Sending normal page!

[13:21:43 GMT+0000 (UTC)]: client URL: /css/highlight.css

[13:21:43 GMT+0000 (UTC)]: URL requested: “/js/script.js”

[13:21:43 GMT+0000 (UTC)]: Sending normal page!

[13:21:43 GMT+0000 (UTC)]: client URL: /js/script.js

[13:21:43 GMT+0000 (UTC)]: URL requested: “/css/icons.css”

[13:21:43 GMT+0000 (UTC)]: Sending normal page!

[13:21:43 GMT+0000 (UTC)]: client URL: /css/icons.css

[13:21:43 GMT+0000 (UTC)]: URL requested: “/css/style.css”

[13:21:43 GMT+0000 (UTC)]: Sending normal page!

[13:21:43 GMT+0000 (UTC)]: client URL: /css/style.css

[13:21:43 GMT+0000 (UTC)]: Sent a file!

[13:21:43 GMT+0000 (UTC)]: Sent a file!

[13:21:43 GMT+0000 (UTC)]: Sent a file!

[13:21:43 GMT+0000 (UTC)]: Sent a file!

[13:21:43 GMT+0000 (UTC)]: URL requested: “/css/fonts/roboto.css”

[13:21:43 GMT+0000 (UTC)]: Sending normal page!

[13:21:43 GMT+0000 (UTC)]: client URL: /js/highlight.js

[13:21:43 GMT+0000 (UTC)]: Sent a file!

[13:21:43 GMT+0000 (UTC)]: Sent a file!

[13:21:44 GMT+0000 (UTC)]: URL requested: “/”

[13:21:44 GMT+0000 (UTC)]: Sending home page!

[13:21:44 GMT+0000 (UTC)]: Sent a file!

[13:21:44 GMT+0000 (UTC)]: URL requested: “/css/highlight.css”

[13:21:44 GMT+0000 (UTC)]: Sending normal page!

[13:21:44 GMT+0000 (UTC)]: URL requested: “/css/style.css”

[13:21:44 GMT+0000 (UTC)]: client URL: /css/style.css

[13:21:44 GMT+0000 (UTC)]: URL requested: “/css/icons.css”

[13:21:44 GMT+0000 (UTC)]: Sending normal page!

[13:21:44 GMT+0000 (UTC)]: client URL: /css/icons.css

[13:21:44 GMT+0000 (UTC)]: URL requested: “/js/script.js”

[13:21:44 GMT+0000 (UTC)]: Sending normal page!

[13:21:44 GMT+0000 (UTC)]: client URL: /js/script.js

[13:21:44 GMT+0000 (UTC)]: Sent a file!

[13:21:44 GMT+0000 (UTC)]: Sent a file!

[13:21:44 GMT+0000 (UTC)]: Sent a file!

[13:21:44 GMT+0000 (UTC)]: URL requested: “/css/fonts/roboto.css”

[13:21:44 GMT+0000 (UTC)]: Sending normal page!

[13:21:44 GMT+0000 (UTC)]: client URL: /css/fonts/roboto.css

[13:21:44 GMT+0000 (UTC)]: URL requested: “/js/highlight.js”

[13:21:44 GMT+0000 (UTC)]: Sending normal page!

[13:21:44 GMT+0000 (UTC)]: client URL: /js/highlight.js

[13:21:44 GMT+0000 (UTC)]: Sent a file!

[13:21:44 GMT+0000 (UTC)]: Sent a file!

[13:22:07 GMT+0000 (UTC)]: URL requested: “/”

[13:22:07 GMT+0000 (UTC)]: Sending home page!

[13:22:07 GMT+0000 (UTC)]: Sent a file!

[13:22:07 GMT+0000 (UTC)]: URL requested: “/css/highlight.css”

[13:22:07 GMT+0000 (UTC)]: client URL: /css/highlight.css

[13:22:07 GMT+0000 (UTC)]: Sent a file!

[13:22:07 GMT+0000 (UTC)]: URL requested: “/css/style.css”

[13:22:07 GMT+0000 (UTC)]: Sending normal page!

[13:22:07 GMT+0000 (UTC)]: client URL: /css/style.css

[13:22:07 GMT+0000 (UTC)]: URL requested: “/js/script.js”

[13:22:07 GMT+0000 (UTC)]: Sending normal page!

[13:22:07 GMT+0000 (UTC)]: client URL: /js/script.js

[13:22:07 GMT+0000 (UTC)]: Sent a file!

[13:22:07 GMT+0000 (UTC)]: Sent a file!

[13:22:07 GMT+0000 (UTC)]: URL requested: “/css/icons.css”

[13:22:07 GMT+0000 (UTC)]: client URL: /css/icons.css

[13:22:07 GMT+0000 (UTC)]: Sent a file!

[13:22:07 GMT+0000 (UTC)]: URL requested: “/js/highlight.js”

[13:22:07 GMT+0000 (UTC)]: Sending normal page!

[13:22:07 GMT+0000 (UTC)]: client URL: /js/highlight.js

[13:22:07 GMT+0000 (UTC)]: Sent a file!

[13:22:07 GMT+0000 (UTC)]: URL requested: “/css/fonts/roboto.css”

[13:22:07 GMT+0000 (UTC)]: Sending normal page!

[13:22:07 GMT+0000 (UTC)]: client URL: /css/fonts/roboto.css

[13:22:07 GMT+0000 (UTC)]: Sent a file!

[13:22:08 GMT+0000 (UTC)]: URL requested: “/”

[13:22:08 GMT+0000 (UTC)]: Sending home page!

[13:22:08 GMT+0000 (UTC)]: Sent a file!

[13:22:08 GMT+0000 (UTC)]: URL requested: “/css/highlight.css”

[13:22:08 GMT+0000 (UTC)]: Sending normal page!

[13:22:08 GMT+0000 (UTC)]: client URL: /css/highlight.css

[13:22:08 GMT+0000 (UTC)]: Sent a file!

[13:22:08 GMT+0000 (UTC)]: URL requested: “/css/style.css”

[13:22:08 GMT+0000 (UTC)]: Sending normal page!

[13:22:08 GMT+0000 (UTC)]: client URL: /css/style.css

[13:22:08 GMT+0000 (UTC)]: URL requested: “/css/icons.css”

[13:22:08 GMT+0000 (UTC)]: Sending normal page!

[13:22:08 GMT+0000 (UTC)]: client URL: /js/script.js

[13:22:08 GMT+0000 (UTC)]: Sent a file!

[13:22:08 GMT+0000 (UTC)]: Sent a file!

[13:22:08 GMT+0000 (UTC)]: Sent a file!

[13:22:08 GMT+0000 (UTC)]: URL requested: “/js/highlight.js”

[13:22:08 GMT+0000 (UTC)]: client URL: /js/highlight.js

[13:22:08 GMT+0000 (UTC)]: Sent a file!

[13:22:08 GMT+0000 (UTC)]: URL requested: “/css/fonts/roboto.css”

[13:22:08 GMT+0000 (UTC)]: client URL: /css/fonts/roboto.css

[13:22:08 GMT+0000 (UTC)]: Sent a file!

[13:22:09 GMT+0000 (UTC)]: URL requested: “/”

[13:22:09 GMT+0000 (UTC)]: Sending home page!

[13:22:09 GMT+0000 (UTC)]: Sent a file!

[13:22:09 GMT+0000 (UTC)]: URL requested: “/js/script.js”

[13:22:09 GMT+0000 (UTC)]: Sending normal page!

[13:22:09 GMT+0000 (UTC)]: client URL: /js/script.js

[13:22:09 GMT+0000 (UTC)]: Sending normal page!

[13:22:09 GMT+0000 (UTC)]: client URL: /css/highlight.css

[13:22:09 GMT+0000 (UTC)]: URL requested: “/css/icons.css”

[13:22:09 GMT+0000 (UTC)]: Sending normal page!

[13:22:09 GMT+0000 (UTC)]: client URL: /css/icons.css

[13:22:09 GMT+0000 (UTC)]: Sent a file!

[13:22:09 GMT+0000 (UTC)]: Sent a file!

[13:22:09 GMT+0000 (UTC)]: Sent a file!

[13:22:09 GMT+0000 (UTC)]: Sent a file!

[13:22:09 GMT+0000 (UTC)]: URL requested: “/css/fonts/roboto.css”

[13:22:09 GMT+0000 (UTC)]: Sending normal page!

[13:22:09 GMT+0000 (UTC)]: client URL: /css/fonts/roboto.css

[13:22:09 GMT+0000 (UTC)]: URL requested: “/js/highlight.js”

[13:22:09 GMT+0000 (UTC)]: Sending normal page!

[13:22:09 GMT+0000 (UTC)]: client URL: /js/highlight.js

[13:22:09 GMT+0000 (UTC)]: Sent a file!

[13:22:09 GMT+0000 (UTC)]: Sent a file!

[13:22:24 GMT+0000 (UTC)]: URL requested: “/”

[13:22:24 GMT+0000 (UTC)]: Sending home page!

[13:22:24 GMT+0000 (UTC)]: Sent a file!

[13:22:24 GMT+0000 (UTC)]: URL requested: “/css/highlight.css”

[13:22:24 GMT+0000 (UTC)]: client URL: /css/highlight.css

[13:22:24 GMT+0000 (UTC)]: Sent a file!

[13:22:24 GMT+0000 (UTC)]: URL requested: “/css/style.css”

[13:22:24 GMT+0000 (UTC)]: Sent a file!

[13:22:24 GMT+0000 (UTC)]: URL requested: “/js/script.js”

[13:22:24 GMT+0000 (UTC)]: Sending normal page!

[13:22:24 GMT+0000 (UTC)]: client URL: /js/script.js

[13:22:24 GMT+0000 (UTC)]: Sent a file!

[13:22:24 GMT+0000 (UTC)]: URL requested: “/css/fonts/roboto.css”

[13:22:24 GMT+0000 (UTC)]: Sending normal page!

[13:22:24 GMT+0000 (UTC)]: client URL: /css/fonts/roboto.css

[13:22:24 GMT+0000 (UTC)]: URL requested: “/js/highlight.js”

[13:22:24 GMT+0000 (UTC)]: Sending normal page!

[13:22:24 GMT+0000 (UTC)]: client URL: /js/highlight.js

[13:22:24 GMT+0000 (UTC)]: Sent a file!

[13:22:24 GMT+0000 (UTC)]: Sent a file!

[13:22:51 GMT+0000 (UTC)]: URL requested: “/”

[13:22:51 GMT+0000 (UTC)]: Sending home page!

[13:22:51 GMT+0000 (UTC)]: Sent a file!

[13:22:51 GMT+0000 (UTC)]: URL requested: “/css/highlight.css”

[13:22:51 GMT+0000 (UTC)]: Sending normal page!

[13:22:51 GMT+0000 (UTC)]: client URL: /css/highlight.css

[13:22:51 GMT+0000 (UTC)]: Sent a file!

[13:22:51 GMT+0000 (UTC)]: URL requested: “/css/icons.css”

[13:22:51 GMT+0000 (UTC)]: Sending normal page!

[13:22:51 GMT+0000 (UTC)]: client URL: /css/icons.css

[13:22:51 GMT+0000 (UTC)]: URL requested: “/css/style.css”

[13:22:51 GMT+0000 (UTC)]: client URL: /css/style.css

[13:22:51 GMT+0000 (UTC)]: Sent a file!

[13:22:51 GMT+0000 (UTC)]: Sent a file!

[13:22:51 GMT+0000 (UTC)]: URL requested: “/js/script.js”

[13:22:51 GMT+0000 (UTC)]: Sending normal page!

[13:22:51 GMT+0000 (UTC)]: client URL: /js/script.js

[13:22:51 GMT+0000 (UTC)]: Sent a file!

[13:22:51 GMT+0000 (UTC)]: URL requested: “/css/fonts/roboto.css”

[13:22:51 GMT+0000 (UTC)]: Sending normal page!

[13:22:51 GMT+0000 (UTC)]: client URL: /css/fonts/roboto.css

[13:22:51 GMT+0000 (UTC)]: Sent a file!

[13:22:51 GMT+0000 (UTC)]: URL requested: “/js/highlight.js”

[13:22:51 GMT+0000 (UTC)]: Sending normal page!

[13:22:51 GMT+0000 (UTC)]: client URL: /js/highlight.js

[13:22:51 GMT+0000 (UTC)]: Sent a file!

[13:22:52 GMT+0000 (UTC)]: URL requested: “/”

[13:22:52 GMT+0000 (UTC)]: Sending home page!

[13:22:52 GMT+0000 (UTC)]: Sent a file!

[13:22:52 GMT+0000 (UTC)]: URL requested: “/css/style.css”

[13:22:52 GMT+0000 (UTC)]: Sending normal page!

[13:22:52 GMT+0000 (UTC)]: client URL: /css/style.css

[13:22:52 GMT+0000 (UTC)]: URL requested: “/css/icons.css”

[13:22:52 GMT+0000 (UTC)]: Sending normal page!

[13:22:52 GMT+0000 (UTC)]: client URL: /css/icons.css

[13:22:52 GMT+0000 (UTC)]: Sent a file!

[13:22:52 GMT+0000 (UTC)]: Sent a file!

[13:22:52 GMT+0000 (UTC)]: URL requested: “/css/highlight.css”

[13:22:52 GMT+0000 (UTC)]: Sending normal page!

[13:22:52 GMT+0000 (UTC)]: client URL: /css/highlight.css

[13:22:52 GMT+0000 (UTC)]: Sent a file!

[13:22:52 GMT+0000 (UTC)]: URL requested: “/js/script.js”

[13:22:52 GMT+0000 (UTC)]: Sending normal page!

[13:22:52 GMT+0000 (UTC)]: client URL: /js/script.js

[13:22:52 GMT+0000 (UTC)]: Sent a file!

[13:22:52 GMT+0000 (UTC)]: URL requested: “/css/fonts/roboto.css”

[13:22:52 GMT+0000 (UTC)]: Sending normal page!

[13:22:52 GMT+0000 (UTC)]: client URL: /css/fonts/roboto.css

[13:22:52 GMT+0000 (UTC)]: Sent a file!

[13:22:52 GMT+0000 (UTC)]: URL requested: “/js/highlight.js”

[13:22:52 GMT+0000 (UTC)]: Sending normal page!

[13:22:52 GMT+0000 (UTC)]: client URL: /js/highlight.js

[13:22:52 GMT+0000 (UTC)]: Sent a file!

[13:22:52 GMT+0000 (UTC)]: URL requested: “/”

[13:22:52 GMT+0000 (UTC)]: Sending home page!

[13:22:52 GMT+0000 (UTC)]: Sent a file!

[13:22:52 GMT+0000 (UTC)]: URL requested: “/css/style.css”

[13:22:52 GMT+0000 (UTC)]: Sending normal page!

[13:22:52 GMT+0000 (UTC)]: client URL: /css/style.css

[13:22:52 GMT+0000 (UTC)]: URL requested: “/css/highlight.css”

[13:22:52 GMT+0000 (UTC)]: Sending normal page!

[13:22:52 GMT+0000 (UTC)]: client URL: /css/highlight.css

[13:22:52 GMT+0000 (UTC)]: URL requested: “/css/icons.css”

[13:22:52 GMT+0000 (UTC)]: Sending normal page!

[13:22:52 GMT+0000 (UTC)]: client URL: /css/icons.css

[13:22:52 GMT+0000 (UTC)]: URL requested: “/js/script.js”

[13:22:52 GMT+0000 (UTC)]: Sending normal page!

[13:22:52 GMT+0000 (UTC)]: client URL: /js/script.js

[13:22:52 GMT+0000 (UTC)]: Sent a file!

[13:22:52 GMT+0000 (UTC)]: Sent a file!

[13:22:52 GMT+0000 (UTC)]: Sent a file!

[13:22:52 GMT+0000 (UTC)]: Sent a file!

[13:22:53 GMT+0000 (UTC)]: URL requested: “/css/fonts/roboto.css”

[13:22:53 GMT+0000 (UTC)]: Sending normal page!

[13:22:53 GMT+0000 (UTC)]: client URL: /css/fonts/roboto.css

[13:22:53 GMT+0000 (UTC)]: URL requested: “/js/highlight.js”

[13:22:53 GMT+0000 (UTC)]: Sending normal page!

[13:22:53 GMT+0000 (UTC)]: client URL: /js/highlight.js

[13:22:53 GMT+0000 (UTC)]: Sent a file!

[13:22:53 GMT+0000 (UTC)]: Sent a file!

[13:22:53 GMT+0000 (UTC)]: URL requested: “/”

[13:22:53 GMT+0000 (UTC)]: Sending home page!

[13:22:53 GMT+0000 (UTC)]: Sent a file!

[13:22:53 GMT+0000 (UTC)]: URL requested: “/css/highlight.css”

[13:22:53 GMT+0000 (UTC)]: Sending normal page!

[13:22:53 GMT+0000 (UTC)]: client URL: /css/highlight.css

[13:22:53 GMT+0000 (UTC)]: Sent a file!

[13:22:53 GMT+0000 (UTC)]: URL requested: “/css/style.css”

[13:22:53 GMT+0000 (UTC)]: Sending normal page!

[13:22:53 GMT+0000 (UTC)]: client URL: /css/style.css

[13:22:53 GMT+0000 (UTC)]: URL requested: “/css/icons.css”

[13:22:53 GMT+0000 (UTC)]: Sending normal page!

[13:22:53 GMT+0000 (UTC)]: client URL: /css/icons.css

[13:22:53 GMT+0000 (UTC)]: Sent a file!

[13:22:53 GMT+0000 (UTC)]: Sent a file!

[13:22:53 GMT+0000 (UTC)]: URL requested: “/js/script.js”

[13:22:53 GMT+0000 (UTC)]: Sending normal page!

[13:22:53 GMT+0000 (UTC)]: client URL: /js/script.js

[13:22:53 GMT+0000 (UTC)]: Sent a file!

[13:22:53 GMT+0000 (UTC)]: URL requested: “/js/highlight.js”

[13:22:53 GMT+0000 (UTC)]: client URL: /js/highlight.js

[13:22:53 GMT+0000 (UTC)]: Sending normal page!

[13:22:53 GMT+0000 (UTC)]: URL requested: “/css/fonts/roboto.css”

[13:22:53 GMT+0000 (UTC)]: Sending normal page!

[13:22:53 GMT+0000 (UTC)]: client URL: /css/fonts/roboto.css

[13:22:53 GMT+0000 (UTC)]: Sent a file!

[13:22:53 GMT+0000 (UTC)]: Sent a file!

[13:22:59 GMT+0000 (UTC)]: URL requested: “/”

[13:22:59 GMT+0000 (UTC)]: Sending home page!

[13:22:59 GMT+0000 (UTC)]: Sent a file!

[13:22:59 GMT+0000 (UTC)]: URL requested: “/css/highlight.css”

[13:22:59 GMT+0000 (UTC)]: Sending normal page!

[13:22:59 GMT+0000 (UTC)]: client URL: /css/highlight.css

[13:22:59 GMT+0000 (UTC)]: Sent a file!

[13:22:59 GMT+0000 (UTC)]: URL requested: “/css/style.css”

[13:22:59 GMT+0000 (UTC)]: Sending normal page!

[13:22:59 GMT+0000 (UTC)]: client URL: /css/style.css

[13:22:59 GMT+0000 (UTC)]: URL requested: “/css/icons.css”

[13:22:59 GMT+0000 (UTC)]: Sending normal page!

[13:22:59 GMT+0000 (UTC)]: client URL: /css/icons.css

[13:22:59 GMT+0000 (UTC)]: URL requested: “/js/script.js”

[13:22:59 GMT+0000 (UTC)]: Sending normal page!

[13:22:59 GMT+0000 (UTC)]: client URL: /js/script.js

[13:22:59 GMT+0000 (UTC)]: Sent a file!

[13:22:59 GMT+0000 (UTC)]: Sent a file!

[13:22:59 GMT+0000 (UTC)]: Sent a file!

[13:22:59 GMT+0000 (UTC)]: URL requested: “/js/highlight.js”

[13:22:59 GMT+0000 (UTC)]: Sending normal page!

[13:22:59 GMT+0000 (UTC)]: client URL: /js/highlight.js

[13:22:59 GMT+0000 (UTC)]: Sent a file!

[13:22:59 GMT+0000 (UTC)]: URL requested: “/css/fonts/roboto.css”

[13:22:59 GMT+0000 (UTC)]: Sending normal page!

[13:22:59 GMT+0000 (UTC)]: client URL: /css/fonts/roboto.css

[13:22:59 GMT+0000 (UTC)]: Sent a file!

[13:24:06 GMT+0000 (UTC)]: URL requested: “/”

[13:24:06 GMT+0000 (UTC)]: Sending home page!

[13:24:06 GMT+0000 (UTC)]: Sent a file!

[13:24:06 GMT+0000 (UTC)]: URL requested: “/css/highlight.css”

[13:24:06 GMT+0000 (UTC)]: Sending normal page!

[13:24:06 GMT+0000 (UTC)]: client URL: /css/highlight.css

[13:24:06 GMT+0000 (UTC)]: Sent a file!

[13:24:06 GMT+0000 (UTC)]: URL requested: “/js/script.js”

[13:24:06 GMT+0000 (UTC)]: Sending normal page!

[13:24:06 GMT+0000 (UTC)]: client URL: /js/script.js

[13:24:06 GMT+0000 (UTC)]: Sent a file!

[13:24:06 GMT+0000 (UTC)]: URL requested: “/css/style.css”

[13:24:06 GMT+0000 (UTC)]: Sending normal page!

[13:24:06 GMT+0000 (UTC)]: client URL: /css/style.css

[13:24:06 GMT+0000 (UTC)]: Sent a file!

[13:24:06 GMT+0000 (UTC)]: URL requested: “/css/icons.css”

[13:24:06 GMT+0000 (UTC)]: Sending normal page!

[13:24:06 GMT+0000 (UTC)]: client URL: /css/icons.css

[13:24:06 GMT+0000 (UTC)]: Sent a file!

[13:24:06 GMT+0000 (UTC)]: URL requested: “/css/fonts/roboto.css”

[13:24:06 GMT+0000 (UTC)]: Sending normal page!

[13:24:06 GMT+0000 (UTC)]: client URL: /css/fonts/roboto.css

[13:24:06 GMT+0000 (UTC)]: Sent a file!

[13:24:06 GMT+0000 (UTC)]: URL requested: “/js/highlight.js”

[13:24:06 GMT+0000 (UTC)]: Sending normal page!

[13:24:06 GMT+0000 (UTC)]: client URL: /js/highlight.js

[13:24:06 GMT+0000 (UTC)]: Sent a file!

[13:24:07 GMT+0000 (UTC)]: URL requested: “/”

[13:24:07 GMT+0000 (UTC)]: Sending home page!

[13:24:07 GMT+0000 (UTC)]: Sent a file!

[13:24:07 GMT+0000 (UTC)]: URL requested: “/css/highlight.css”

[13:24:07 GMT+0000 (UTC)]: Sending normal page!

[13:24:07 GMT+0000 (UTC)]: client URL: /css/highlight.css

[13:24:07 GMT+0000 (UTC)]: Sent a file!

[13:24:07 GMT+0000 (UTC)]: URL requested: “/css/style.css”

[13:24:07 GMT+0000 (UTC)]: client URL: /css/style.css

[13:24:07 GMT+0000 (UTC)]: URL requested: “/css/icons.css”

[13:24:07 GMT+0000 (UTC)]: client URL: /css/icons.css

[13:24:07 GMT+0000 (UTC)]: URL requested: “/js/script.js”

[13:24:07 GMT+0000 (UTC)]: Sending normal page!

[13:24:07 GMT+0000 (UTC)]: client URL: /js/script.js

[13:24:07 GMT+0000 (UTC)]: Sent a file!

[13:24:07 GMT+0000 (UTC)]: Sent a file!

[13:24:07 GMT+0000 (UTC)]: Sent a file!

[13:24:07 GMT+0000 (UTC)]: URL requested: “/js/highlight.js”

[13:24:07 GMT+0000 (UTC)]: client URL: /js/highlight.js

[13:24:07 GMT+0000 (UTC)]: Sent a file!

[13:24:07 GMT+0000 (UTC)]: client URL: /css/fonts/roboto.css

[13:24:07 GMT+0000 (UTC)]: Sent a file!

[13:24:42 GMT+0000 (UTC)]: URL requested: “/”

[13:24:42 GMT+0000 (UTC)]: Sending home page!

[13:24:42 GMT+0000 (UTC)]: Sent a file!

[13:24:42 GMT+0000 (UTC)]: URL requested: “/css/highlight.css”

[13:24:42 GMT+0000 (UTC)]: Sending normal page!

[13:24:42 GMT+0000 (UTC)]: client URL: /css/highlight.css

[13:24:42 GMT+0000 (UTC)]: Sent a file!

[13:24:42 GMT+0000 (UTC)]: URL requested: “/css/icons.css”

[13:24:42 GMT+0000 (UTC)]: Sending normal page!

[13:24:42 GMT+0000 (UTC)]: client URL: /css/icons.css

[13:24:42 GMT+0000 (UTC)]: Sent a file!

[13:24:42 GMT+0000 (UTC)]: URL requested: “/css/style.css”

[13:24:42 GMT+0000 (UTC)]: Sending normal page!

[13:24:42 GMT+0000 (UTC)]: client URL: /css/style.css

[13:24:42 GMT+0000 (UTC)]: Sent a file!

[13:24:42 GMT+0000 (UTC)]: URL requested: “/js/script.js”

[13:24:42 GMT+0000 (UTC)]: Sending normal page!

[13:24:42 GMT+0000 (UTC)]: client URL: /js/script.js

[13:24:42 GMT+0000 (UTC)]: Sent a file!

[13:24:42 GMT+0000 (UTC)]: URL requested: “/css/fonts/roboto.css”

[13:24:42 GMT+0000 (UTC)]: Sending normal page!

[13:24:42 GMT+0000 (UTC)]: client URL: /js/highlight.js

[13:24:42 GMT+0000 (UTC)]: Sent a file!

[13:24:42 GMT+0000 (UTC)]: Sent a file!

[13:24:43 GMT+0000 (UTC)]: URL requested: “/”

[13:24:43 GMT+0000 (UTC)]: Sending home page!

[13:24:43 GMT+0000 (UTC)]: Sent a file!

[13:24:43 GMT+0000 (UTC)]: URL requested: “/css/highlight.css”

[13:24:43 GMT+0000 (UTC)]: Sending normal page!

[13:24:43 GMT+0000 (UTC)]: client URL: /css/highlight.css

[13:24:43 GMT+0000 (UTC)]: Sent a file!

[13:24:43 GMT+0000 (UTC)]: URL requested: “/css/icons.css”

[13:24:43 GMT+0000 (UTC)]: Sending normal page!

[13:24:43 GMT+0000 (UTC)]: client URL: /css/icons.css

[13:24:43 GMT+0000 (UTC)]: URL requested: “/css/style.css”

[13:24:43 GMT+0000 (UTC)]: Sending normal page!

[13:24:43 GMT+0000 (UTC)]: client URL: /css/style.css

[13:24:43 GMT+0000 (UTC)]: Sent a file!

[13:24:43 GMT+0000 (UTC)]: Sent a file!

[13:24:43 GMT+0000 (UTC)]: URL requested: “/js/script.js”

[13:24:43 GMT+0000 (UTC)]: client URL: /js/script.js

[13:24:43 GMT+0000 (UTC)]: Sent a file!

[13:24:43 GMT+0000 (UTC)]: URL requested: “/css/fonts/roboto.css”

[13:24:43 GMT+0000 (UTC)]: Sending normal page!

[13:24:43 GMT+0000 (UTC)]: client URL: /css/fonts/roboto.css

[13:24:43 GMT+0000 (UTC)]: Sent a file!

[13:24:43 GMT+0000 (UTC)]: URL requested: “/js/highlight.js”

[13:24:43 GMT+0000 (UTC)]: Sending normal page!

[13:24:43 GMT+0000 (UTC)]: client URL: /js/highlight.js

[13:24:43 GMT+0000 (UTC)]: Sent a file!

